<?xml version="1.0" encoding="utf-8"?>
<!DOCTYPE mapper PUBLIC
"-//mybatis.org//DTD Mapper 3.0//EN"
"http://mybatis.org/dtd/mybatis-3-mapper.dtd">
<mapper namespace="testMapper">

	<insert id="insertCUser" parameterType="CryptoUser">
		insert into CRYPTO_USER
		values (#{userid}, #{userpwd}, #{username})
		<!-- 패스워드는 60바이트 고정 -->
	</insert>
	
	<select id="selectLogin" parameterType="CryptoUser" resultType="CryptoUser">
		select * from CRYPTO_USER
		where userid = #{userid}
	
	</select>
</mapper>